<?xml version="1.0" encoding="UTF-8"?>
<!-- Generated by org.testng.reporters.JUnitReportReporter -->
<testsuite skipped="0" hostname="DESKTOP-TC004CS" name="webdriverNavigation.PromptTest" tests="1" failures="0" timestamp="30 Jun 2020 18:21:19 GMT" time="1.715" errors="0">
  <testcase name="PromptExampleTest" time="1.715" classname="webdriverNavigation.PromptTest"/>
</testsuite> <!-- webdriverNavigation.PromptTest -->
