<?xml version="1.0" encoding="UTF-8"?>
<!-- Generated by org.testng.reporters.JUnitReportReporter -->
<testsuite skipped="0" hostname="DESKTOP-TC004CS" name="javaScriptExecutorGeeks.HIghLight" tests="1" failures="0" timestamp="07 Aug 2020 06:24:34 GMT" time="9.210" errors="0">
  <testcase name="highLightElement" time="9.210" classname="javaScriptExecutorGeeks.HIghLight"/>
</testsuite> <!-- javaScriptExecutorGeeks.HIghLight -->
