<?xml version="1.0" encoding="UTF-8"?>
<!-- Generated by org.testng.reporters.JUnitReportReporter -->
<testsuite skipped="0" hostname="DESKTOP-TC004CS" name="javaScriptExecutorGeeks.RefreshingBrowser" tests="1" failures="0" timestamp="18 Jul 2020 19:31:34 GMT" time="1.244" errors="0">
  <testcase name="refresh" time="1.244" classname="javaScriptExecutorGeeks.RefreshingBrowser"/>
</testsuite> <!-- javaScriptExecutorGeeks.RefreshingBrowser -->
