<?xml version="1.0" encoding="UTF-8"?>
<!-- Generated by org.testng.reporters.JUnitReportReporter -->
<testsuite skipped="0" hostname="DESKTOP-TC004CS" name="webdriverNavigation.PromptTest" tests="1" failures="0" timestamp="07 Aug 2020 06:56:05 GMT" time="0.565" errors="0">
  <testcase name="PromptExampleTest" time="0.565" classname="webdriverNavigation.PromptTest"/>
</testsuite> <!-- webdriverNavigation.PromptTest -->
