<?xml version="1.0" encoding="UTF-8"?>
<!-- Generated by org.testng.reporters.JUnitReportReporter -->
<testsuite skipped="0" hostname="DESKTOP-TC004CS" name="actionClass.DoubleClick" tests="1" failures="0" timestamp="29 Jul 2020 20:26:41 GMT" time="18.533" errors="0">
  <testcase name="doubleClick" time="18.533" classname="actionClass.DoubleClick"/>
</testsuite> <!-- actionClass.DoubleClick -->
