<?xml version="1.0" encoding="UTF-8"?>
<!-- Generated by org.testng.reporters.JUnitReportReporter -->
<testsuite skipped="0" hostname="DESKTOP-TC004CS" name="webdriverNavigation.ConfirmTest" tests="1" failures="0" timestamp="07 Aug 2020 06:56:05 GMT" time="1.281" errors="0">
  <testcase name="ConfirmExampleTest" time="1.281" classname="webdriverNavigation.ConfirmTest"/>
</testsuite> <!-- webdriverNavigation.ConfirmTest -->
