<?xml version="1.0" encoding="UTF-8"?>
<!-- Generated by org.testng.reporters.JUnitReportReporter -->
<testsuite skipped="0" hostname="DESKTOP-TC004CS" name="webTables.DealingWebTables" tests="3" failures="0" timestamp="30 Jun 2020 17:57:04 GMT" time="0.153" errors="0">
  <testcase name="getTotalRows" time="0.011" classname="webTables.DealingWebTables"/>
  <testcase name="printTable" time="0.119" classname="webTables.DealingWebTables"/>
  <testcase name="getTotalColumns" time="0.023" classname="webTables.DealingWebTables"/>
</testsuite> <!-- webTables.DealingWebTables -->
