<?xml version="1.0" encoding="UTF-8"?>
<!-- Generated by org.testng.reporters.JUnitReportReporter -->
<testsuite skipped="0" hostname="DESKTOP-TC004CS" name="javaScriptExecutorGeeks.ClickingAButton" tests="1" failures="0" timestamp="07 Aug 2020 06:56:05 GMT" time="4.230" errors="0">
  <testcase name="clickButton" time="4.230" classname="javaScriptExecutorGeeks.ClickingAButton"/>
</testsuite> <!-- javaScriptExecutorGeeks.ClickingAButton -->
