<?xml version="1.0" encoding="UTF-8"?>
<!-- Generated by org.testng.reporters.JUnitReportReporter -->
<testsuite skipped="0" hostname="DESKTOP-TC004CS" name="javaScriptExecutorGeeks.ClickingAButton" tests="1" failures="0" timestamp="18 Jul 2020 20:18:17 GMT" time="3.745" errors="0">
  <testcase name="clickButton" time="3.745" classname="javaScriptExecutorGeeks.ClickingAButton"/>
</testsuite> <!-- javaScriptExecutorGeeks.ClickingAButton -->
