<?xml version="1.0" encoding="UTF-8"?>
<!-- Generated by org.testng.reporters.JUnitReportReporter -->
<testsuite skipped="0" hostname="DESKTOP-TC004CS" name="webdriverNavigation.AlertExampleTest" tests="1" failures="0" timestamp="07 Aug 2020 06:56:05 GMT" time="11.121" errors="0">
  <testcase name="alertExampleTest" time="11.121" classname="webdriverNavigation.AlertExampleTest"/>
</testsuite> <!-- webdriverNavigation.AlertExampleTest -->
