<?xml version="1.0" encoding="UTF-8"?>
<!-- Generated by org.testng.reporters.JUnitReportReporter -->
<testsuite skipped="0" hostname="DESKTOP-TC004CS" name="webTables.DealingWebTables" tests="3" failures="0" timestamp="07 Aug 2020 06:56:05 GMT" time="0.377" errors="0">
  <testcase name="getTotalRows" time="0.019" classname="webTables.DealingWebTables"/>
  <testcase name="printTable" time="0.290" classname="webTables.DealingWebTables"/>
  <testcase name="getTotalColumns" time="0.068" classname="webTables.DealingWebTables"/>
</testsuite> <!-- webTables.DealingWebTables -->
