<?xml version="1.0" encoding="UTF-8"?>
<!-- Generated by org.testng.reporters.JUnitReportReporter -->
<testsuite skipped="0" hostname="DESKTOP-TC004CS" name="javaScriptExecutorGeeks.POpupAlert" tests="1" failures="0" timestamp="18 Jul 2020 19:19:53 GMT" time="0.455" errors="0">
  <testcase name="jspopUp" time="0.455" classname="javaScriptExecutorGeeks.POpupAlert"/>
</testsuite> <!-- javaScriptExecutorGeeks.POpupAlert -->
