<?xml version="1.0" encoding="UTF-8"?>
<!-- Generated by org.testng.reporters.JUnitReportReporter -->
<testsuite skipped="0" hostname="DESKTOP-TC004CS" name="javaScriptExecutorGeeks.ScrollTheBrowser" tests="1" failures="0" timestamp="18 Jul 2020 20:33:04 GMT" time="0.188" errors="0">
  <testcase name="scrollPage" time="0.188" classname="javaScriptExecutorGeeks.ScrollTheBrowser"/>
</testsuite> <!-- javaScriptExecutorGeeks.ScrollTheBrowser -->
