<?xml version="1.0" encoding="UTF-8"?>
<!-- Generated by org.testng.reporters.JUnitReportReporter -->
<testsuite skipped="0" hostname="DESKTOP-TC004CS" name="webTables.DealingWebTables" tests="3" failures="0" timestamp="10 Jul 2020 15:39:45 GMT" time="0.156" errors="0">
  <testcase name="printTable" time="0.110" classname="webTables.DealingWebTables"/>
  <testcase name="getTotalRows" time="0.015" classname="webTables.DealingWebTables"/>
  <testcase name="getTotalColumns" time="0.031" classname="webTables.DealingWebTables"/>
</testsuite> <!-- webTables.DealingWebTables -->
