<?xml version="1.0" encoding="UTF-8"?>
<!-- Generated by org.testng.reporters.JUnitReportReporter -->
<testsuite skipped="0" hostname="DESKTOP-TC004CS" name="webdriverNavigation.AlertExampleTest" tests="1" failures="0" timestamp="26 Jun 2020 01:45:18 GMT" time="8.401" errors="0">
  <testcase name="alertExampleTest" time="8.401" classname="webdriverNavigation.AlertExampleTest"/>
</testsuite> <!-- webdriverNavigation.AlertExampleTest -->
