<?xml version="1.0" encoding="UTF-8"?>
<!-- Generated by org.testng.reporters.JUnitReportReporter -->
<testsuite skipped="0" hostname="DESKTOP-TC004CS" name="webdriverNavigation.AlertExampleTest" tests="1" failures="0" timestamp="30 Jun 2020 18:55:58 GMT" time="3.840" errors="0">
  <testcase name="alertExampleTest" time="3.840" classname="webdriverNavigation.AlertExampleTest"/>
</testsuite> <!-- webdriverNavigation.AlertExampleTest -->
